The target system is: Generic - 1 - 
The host system is: Darwin - 21.6.0 - x86_64
Compiling the C compiler identification source file "CMakeCCompilerId.c" succeeded.
Compiler: /Applications/ArmGNUToolchain/12.2.mpacbti-bet1/arm-none-eabi/bin/arm-none-eabi-gcc 
Build flags: 
Id flags: -c 

The output was:
0


Compilation of the C compiler identification source "CMakeCCompilerId.c" produced "CMakeCCompilerId.o"

The C compiler identification is GNU, found in "/Users/andrew/STM32CubeIDE/workspace_1.10.1/led_carousel/cmake-build-debug/CMakeFiles/3.25.0/CompilerIdC/CMakeCCompilerId.o"

Compiling the CXX compiler identification source file "CMakeCXXCompilerId.cpp" succeeded.
Compiler: /Applications/ArmGNUToolchain/12.2.mpacbti-bet1/arm-none-eabi/bin/arm-none-eabi-g++ 
Build flags: 
Id flags: -c 

The output was:
0


Compilation of the CXX compiler identification source "CMakeCXXCompilerId.cpp" produced "CMakeCXXCompilerId.o"

The CXX compiler identification is GNU, found in "/Users/andrew/STM32CubeIDE/workspace_1.10.1/led_carousel/cmake-build-debug/CMakeFiles/3.25.0/CompilerIdCXX/CMakeCXXCompilerId.o"

Checking whether the ASM compiler is GNU using "--version" matched "(GNU assembler)|(GCC)|(Free Software Foundation)":
arm-none-eabi-gcc (Arm GNU Toolchain 12.2.MPACBTI-Bet1 (Build arm-12-mpacbti.16)) 12.2.0
Copyright (C) 2022 Free Software Foundation, Inc.
This is free software; see the source for copying conditions.  There is NO
warranty; not even for MERCHANTABILITY or FITNESS FOR A PARTICULAR PURPOSE.

Detecting C compiler ABI info compiled with the following output:
Change Dir: /Users/andrew/STM32CubeIDE/workspace_1.10.1/led_carousel/cmake-build-debug/CMakeFiles/CMakeScratch/TryCompile-xfFYCH

Run Build Command(s):/usr/local/bin/gmake -f Makefile cmTC_b062a/fast && /usr/local/bin/gmake  -f CMakeFiles/cmTC_b062a.dir/build.make CMakeFiles/cmTC_b062a.dir/build
gmake[1]: Entering directory '/Users/andrew/STM32CubeIDE/workspace_1.10.1/led_carousel/cmake-build-debug/CMakeFiles/CMakeScratch/TryCompile-xfFYCH'
Building C object CMakeFiles/cmTC_b062a.dir/CMakeCCompilerABI.c.obj
/Applications/ArmGNUToolchain/12.2.mpacbti-bet1/arm-none-eabi/bin/arm-none-eabi-gcc   -fdiagnostics-color=always   -v -o CMakeFiles/cmTC_b062a.dir/CMakeCCompilerABI.c.obj -c /usr/local/Cellar/cmake/3.25.0/share/cmake/Modules/CMakeCCompilerABI.c
Using built-in specs.
COLLECT_GCC=/Applications/ArmGNUToolchain/12.2.mpacbti-bet1/arm-none-eabi/bin/arm-none-eabi-gcc
Target: arm-none-eabi
Configured with: /Volumes/data/jenkins/workspace/GNU-toolchain/arm-12-mpacbti/src/gcc/configure --target=arm-none-eabi --prefix=/Volumes/data/jenkins/workspace/GNU-toolchain/arm-12-mpacbti/build-arm-none-eabi/install --with-gmp=/Volumes/data/jenkins/workspace/GNU-toolchain/arm-12-mpacbti/build-arm-none-eabi/host-tools --with-mpfr=/Volumes/data/jenkins/workspace/GNU-toolchain/arm-12-mpacbti/build-arm-none-eabi/host-tools --with-mpc=/Volumes/data/jenkins/workspace/GNU-toolchain/arm-12-mpacbti/build-arm-none-eabi/host-tools --with-isl=/Volumes/data/jenkins/workspace/GNU-toolchain/arm-12-mpacbti/build-arm-none-eabi/host-tools --disable-shared --disable-nls --disable-threads --disable-tls --enable-checking=release --enable-languages=c,c++,fortran --with-newlib --with-gnu-as --with-gnu-ld --with-sysroot=/Volumes/data/jenkins/workspace/GNU-toolchain/arm-12-mpacbti/build-arm-none-eabi/install/arm-none-eabi --with-multilib-list=aprofile,rmprofile --with-pkgversion='Arm GNU Toolchain 12.2.MPACBTI-Bet1 (Build arm-12-mpacbti.16)' --with-bugurl=https://bugs.linaro.org/
Thread model: single
Supported LTO compression algorithms: zlib
gcc version 12.2.0 (Arm GNU Toolchain 12.2.MPACBTI-Bet1 (Build arm-12-mpacbti.16)) 
COLLECT_GCC_OPTIONS='-fdiagnostics-color=always' '-v' '-o' 'CMakeFiles/cmTC_b062a.dir/CMakeCCompilerABI.c.obj' '-c' '-mcpu=arm7tdmi' '-mfloat-abi=soft' '-marm' '-mlibarch=armv4t' '-march=armv4t' '-dumpdir' 'CMakeFiles/cmTC_b062a.dir/'
 /Applications/ArmGNUToolchain/12.2.mpacbti-bet1/arm-none-eabi/bin/../libexec/gcc/arm-none-eabi/12.2.0/cc1 -quiet -v -iprefix /Applications/ArmGNUToolchain/12.2.mpacbti-bet1/arm-none-eabi/bin/../lib/gcc/arm-none-eabi/12.2.0/ -isysroot /Applications/ArmGNUToolchain/12.2.mpacbti-bet1/arm-none-eabi/bin/../arm-none-eabi -D__USES_INITFINI__ /usr/local/Cellar/cmake/3.25.0/share/cmake/Modules/CMakeCCompilerABI.c -quiet -dumpdir CMakeFiles/cmTC_b062a.dir/ -dumpbase CMakeCCompilerABI.c.c -dumpbase-ext .c -mcpu=arm7tdmi -mfloat-abi=soft -marm -mlibarch=armv4t -march=armv4t -version -fdiagnostics-color=always -o /var/folders/r4/ll7g0vbj4rn5zqmxxqy7ns280000gn/T//ccY4B6Im.s
GNU C17 (Arm GNU Toolchain 12.2.MPACBTI-Bet1 (Build arm-12-mpacbti.16)) version 12.2.0 (arm-none-eabi)
	compiled by GNU C version Apple LLVM 12.0.0 (clang-1200.0.32.29), GMP version 6.2.1, MPFR version 3.1.6, MPC version 1.0.3, isl version isl-0.15-1-g835ea3a-GMP

GGC heuristics: --param ggc-min-expand=100 --param ggc-min-heapsize=131072
ignoring duplicate directory "/Applications/ArmGNUToolchain/12.2.mpacbti-bet1/arm-none-eabi/bin/../lib/gcc/../../lib/gcc/arm-none-eabi/12.2.0/include"
ignoring nonexistent directory "/Applications/ArmGNUToolchain/12.2.mpacbti-bet1/arm-none-eabi/bin/../arm-none-eabi/usr/local/include"
ignoring duplicate directory "/Applications/ArmGNUToolchain/12.2.mpacbti-bet1/arm-none-eabi/bin/../lib/gcc/../../lib/gcc/arm-none-eabi/12.2.0/include-fixed"
ignoring duplicate directory "/Applications/ArmGNUToolchain/12.2.mpacbti-bet1/arm-none-eabi/bin/../lib/gcc/../../lib/gcc/arm-none-eabi/12.2.0/../../../../arm-none-eabi/include"
ignoring nonexistent directory "/Applications/ArmGNUToolchain/12.2.mpacbti-bet1/arm-none-eabi/bin/../arm-none-eabi/usr/include"
#include "..." search starts here:
#include <...> search starts here:
 /Applications/ArmGNUToolchain/12.2.mpacbti-bet1/arm-none-eabi/bin/../lib/gcc/arm-none-eabi/12.2.0/include
 /Applications/ArmGNUToolchain/12.2.mpacbti-bet1/arm-none-eabi/bin/../lib/gcc/arm-none-eabi/12.2.0/include-fixed
 /Applications/ArmGNUToolchain/12.2.mpacbti-bet1/arm-none-eabi/bin/../lib/gcc/arm-none-eabi/12.2.0/../../../../arm-none-eabi/include
End of search list.
GNU C17 (Arm GNU Toolchain 12.2.MPACBTI-Bet1 (Build arm-12-mpacbti.16)) version 12.2.0 (arm-none-eabi)
	compiled by GNU C version Apple LLVM 12.0.0 (clang-1200.0.32.29), GMP version 6.2.1, MPFR version 3.1.6, MPC version 1.0.3, isl version isl-0.15-1-g835ea3a-GMP

GGC heuristics: --param ggc-min-expand=100 --param ggc-min-heapsize=131072
Compiler executable checksum: 64b3f98eb9eec7bc736aa55f43e531e4
COLLECT_GCC_OPTIONS='-fdiagnostics-color=always' '-v' '-o' 'CMakeFiles/cmTC_b062a.dir/CMakeCCompilerABI.c.obj' '-c' '-mcpu=arm7tdmi' '-mfloat-abi=soft' '-marm' '-mlibarch=armv4t' '-march=armv4t' '-dumpdir' 'CMakeFiles/cmTC_b062a.dir/'
 /Applications/ArmGNUToolchain/12.2.mpacbti-bet1/arm-none-eabi/bin/../lib/gcc/arm-none-eabi/12.2.0/../../../../arm-none-eabi/bin/as -v -march=armv4t -mfloat-abi=soft -meabi=5 -o CMakeFiles/cmTC_b062a.dir/CMakeCCompilerABI.c.obj /var/folders/r4/ll7g0vbj4rn5zqmxxqy7ns280000gn/T//ccY4B6Im.s
GNU assembler version 2.39.50 (arm-none-eabi) using BFD version (Arm GNU Toolchain 12.2.MPACBTI-Bet1 (Build arm-12-mpacbti.16)) 2.39.50.20220821
COMPILER_PATH=/Applications/ArmGNUToolchain/12.2.mpacbti-bet1/arm-none-eabi/bin/../libexec/gcc/arm-none-eabi/12.2.0/:/Applications/ArmGNUToolchain/12.2.mpacbti-bet1/arm-none-eabi/bin/../libexec/gcc/:/Applications/ArmGNUToolchain/12.2.mpacbti-bet1/arm-none-eabi/bin/../lib/gcc/arm-none-eabi/12.2.0/../../../../arm-none-eabi/bin/
LIBRARY_PATH=/Applications/ArmGNUToolchain/12.2.mpacbti-bet1/arm-none-eabi/bin/../lib/gcc/arm-none-eabi/12.2.0/:/Applications/ArmGNUToolchain/12.2.mpacbti-bet1/arm-none-eabi/bin/../lib/gcc/:/Applications/ArmGNUToolchain/12.2.mpacbti-bet1/arm-none-eabi/bin/../lib/gcc/arm-none-eabi/12.2.0/../../../../arm-none-eabi/lib/:/Applications/ArmGNUToolchain/12.2.mpacbti-bet1/arm-none-eabi/bin/../arm-none-eabi/lib/
COLLECT_GCC_OPTIONS='-fdiagnostics-color=always' '-v' '-o' 'CMakeFiles/cmTC_b062a.dir/CMakeCCompilerABI.c.obj' '-c' '-mcpu=arm7tdmi' '-mfloat-abi=soft' '-marm' '-mlibarch=armv4t' '-march=armv4t' '-dumpdir' 'CMakeFiles/cmTC_b062a.dir/CMakeCCompilerABI.c.'
Linking C static library libcmTC_b062a.a
/usr/local/Cellar/cmake/3.25.0/bin/cmake -P CMakeFiles/cmTC_b062a.dir/cmake_clean_target.cmake
/usr/local/Cellar/cmake/3.25.0/bin/cmake -E cmake_link_script CMakeFiles/cmTC_b062a.dir/link.txt --verbose=1
arm-none-eabi-ar qc libcmTC_b062a.a CMakeFiles/cmTC_b062a.dir/CMakeCCompilerABI.c.obj
/Applications/ArmGNUToolchain/12.2.mpacbti-bet1/arm-none-eabi/bin/arm-none-eabi-ranlib libcmTC_b062a.a
gmake[1]: Leaving directory '/Users/andrew/STM32CubeIDE/workspace_1.10.1/led_carousel/cmake-build-debug/CMakeFiles/CMakeScratch/TryCompile-xfFYCH'



Parsed C implicit include dir info from above output: rv=done
  found start of include info
  found start of implicit include info
    add: [/Applications/ArmGNUToolchain/12.2.mpacbti-bet1/arm-none-eabi/bin/../lib/gcc/arm-none-eabi/12.2.0/include]
    add: [/Applications/ArmGNUToolchain/12.2.mpacbti-bet1/arm-none-eabi/bin/../lib/gcc/arm-none-eabi/12.2.0/include-fixed]
    add: [/Applications/ArmGNUToolchain/12.2.mpacbti-bet1/arm-none-eabi/bin/../lib/gcc/arm-none-eabi/12.2.0/../../../../arm-none-eabi/include]
  end of search list found
  collapse include dir [/Applications/ArmGNUToolchain/12.2.mpacbti-bet1/arm-none-eabi/bin/../lib/gcc/arm-none-eabi/12.2.0/include] ==> [/Applications/ArmGNUToolchain/12.2.mpacbti-bet1/arm-none-eabi/lib/gcc/arm-none-eabi/12.2.0/include]
  collapse include dir [/Applications/ArmGNUToolchain/12.2.mpacbti-bet1/arm-none-eabi/bin/../lib/gcc/arm-none-eabi/12.2.0/include-fixed] ==> [/Applications/ArmGNUToolchain/12.2.mpacbti-bet1/arm-none-eabi/lib/gcc/arm-none-eabi/12.2.0/include-fixed]
  collapse include dir [/Applications/ArmGNUToolchain/12.2.mpacbti-bet1/arm-none-eabi/bin/../lib/gcc/arm-none-eabi/12.2.0/../../../../arm-none-eabi/include] ==> [/Applications/ArmGNUToolchain/12.2.mpacbti-bet1/arm-none-eabi/arm-none-eabi/include]
  implicit include dirs: [/Applications/ArmGNUToolchain/12.2.mpacbti-bet1/arm-none-eabi/lib/gcc/arm-none-eabi/12.2.0/include;/Applications/ArmGNUToolchain/12.2.mpacbti-bet1/arm-none-eabi/lib/gcc/arm-none-eabi/12.2.0/include-fixed;/Applications/ArmGNUToolchain/12.2.mpacbti-bet1/arm-none-eabi/arm-none-eabi/include]


Parsed C implicit link information from above output:
  link line regex: [^( *|.*[/\])(arm-none-eabi-ld|CMAKE_LINK_STARTFILE-NOTFOUND|([^/\]+-)?ld|collect2)[^/\]*( |$)]
  ignore line: [Change Dir: /Users/andrew/STM32CubeIDE/workspace_1.10.1/led_carousel/cmake-build-debug/CMakeFiles/CMakeScratch/TryCompile-xfFYCH]
  ignore line: []
  ignore line: [Run Build Command(s):/usr/local/bin/gmake -f Makefile cmTC_b062a/fast && /usr/local/bin/gmake  -f CMakeFiles/cmTC_b062a.dir/build.make CMakeFiles/cmTC_b062a.dir/build]
  ignore line: [gmake[1]: Entering directory '/Users/andrew/STM32CubeIDE/workspace_1.10.1/led_carousel/cmake-build-debug/CMakeFiles/CMakeScratch/TryCompile-xfFYCH']
  ignore line: [Building C object CMakeFiles/cmTC_b062a.dir/CMakeCCompilerABI.c.obj]
  ignore line: [/Applications/ArmGNUToolchain/12.2.mpacbti-bet1/arm-none-eabi/bin/arm-none-eabi-gcc   -fdiagnostics-color=always   -v -o CMakeFiles/cmTC_b062a.dir/CMakeCCompilerABI.c.obj -c /usr/local/Cellar/cmake/3.25.0/share/cmake/Modules/CMakeCCompilerABI.c]
  ignore line: [Using built-in specs.]
  ignore line: [COLLECT_GCC=/Applications/ArmGNUToolchain/12.2.mpacbti-bet1/arm-none-eabi/bin/arm-none-eabi-gcc]
  ignore line: [Target: arm-none-eabi]
  ignore line: [Configured with: /Volumes/data/jenkins/workspace/GNU-toolchain/arm-12-mpacbti/src/gcc/configure --target=arm-none-eabi --prefix=/Volumes/data/jenkins/workspace/GNU-toolchain/arm-12-mpacbti/build-arm-none-eabi/install --with-gmp=/Volumes/data/jenkins/workspace/GNU-toolchain/arm-12-mpacbti/build-arm-none-eabi/host-tools --with-mpfr=/Volumes/data/jenkins/workspace/GNU-toolchain/arm-12-mpacbti/build-arm-none-eabi/host-tools --with-mpc=/Volumes/data/jenkins/workspace/GNU-toolchain/arm-12-mpacbti/build-arm-none-eabi/host-tools --with-isl=/Volumes/data/jenkins/workspace/GNU-toolchain/arm-12-mpacbti/build-arm-none-eabi/host-tools --disable-shared --disable-nls --disable-threads --disable-tls --enable-checking=release --enable-languages=c,c++,fortran --with-newlib --with-gnu-as --with-gnu-ld --with-sysroot=/Volumes/data/jenkins/workspace/GNU-toolchain/arm-12-mpacbti/build-arm-none-eabi/install/arm-none-eabi --with-multilib-list=aprofile,rmprofile --with-pkgversion='Arm GNU Toolchain 12.2.MPACBTI-Bet1 (Build arm-12-mpacbti.16)' --with-bugurl=https://bugs.linaro.org/]
  ignore line: [Thread model: single]
  ignore line: [Supported LTO compression algorithms: zlib]
  ignore line: [gcc version 12.2.0 (Arm GNU Toolchain 12.2.MPACBTI-Bet1 (Build arm-12-mpacbti.16)) ]
  ignore line: [COLLECT_GCC_OPTIONS='-fdiagnostics-color=always' '-v' '-o' 'CMakeFiles/cmTC_b062a.dir/CMakeCCompilerABI.c.obj' '-c' '-mcpu=arm7tdmi' '-mfloat-abi=soft' '-marm' '-mlibarch=armv4t' '-march=armv4t' '-dumpdir' 'CMakeFiles/cmTC_b062a.dir/']
  ignore line: [ /Applications/ArmGNUToolchain/12.2.mpacbti-bet1/arm-none-eabi/bin/../libexec/gcc/arm-none-eabi/12.2.0/cc1 -quiet -v -iprefix /Applications/ArmGNUToolchain/12.2.mpacbti-bet1/arm-none-eabi/bin/../lib/gcc/arm-none-eabi/12.2.0/ -isysroot /Applications/ArmGNUToolchain/12.2.mpacbti-bet1/arm-none-eabi/bin/../arm-none-eabi -D__USES_INITFINI__ /usr/local/Cellar/cmake/3.25.0/share/cmake/Modules/CMakeCCompilerABI.c -quiet -dumpdir CMakeFiles/cmTC_b062a.dir/ -dumpbase CMakeCCompilerABI.c.c -dumpbase-ext .c -mcpu=arm7tdmi -mfloat-abi=soft -marm -mlibarch=armv4t -march=armv4t -version -fdiagnostics-color=always -o /var/folders/r4/ll7g0vbj4rn5zqmxxqy7ns280000gn/T//ccY4B6Im.s]
  ignore line: [GNU C17 (Arm GNU Toolchain 12.2.MPACBTI-Bet1 (Build arm-12-mpacbti.16)) version 12.2.0 (arm-none-eabi)]
  ignore line: [	compiled by GNU C version Apple LLVM 12.0.0 (clang-1200.0.32.29)  GMP version 6.2.1  MPFR version 3.1.6  MPC version 1.0.3  isl version isl-0.15-1-g835ea3a-GMP]
  ignore line: []
  ignore line: [GGC heuristics: --param ggc-min-expand=100 --param ggc-min-heapsize=131072]
  ignore line: [ignoring duplicate directory "/Applications/ArmGNUToolchain/12.2.mpacbti-bet1/arm-none-eabi/bin/../lib/gcc/../../lib/gcc/arm-none-eabi/12.2.0/include"]
  ignore line: [ignoring nonexistent directory "/Applications/ArmGNUToolchain/12.2.mpacbti-bet1/arm-none-eabi/bin/../arm-none-eabi/usr/local/include"]
  ignore line: [ignoring duplicate directory "/Applications/ArmGNUToolchain/12.2.mpacbti-bet1/arm-none-eabi/bin/../lib/gcc/../../lib/gcc/arm-none-eabi/12.2.0/include-fixed"]
  ignore line: [ignoring duplicate directory "/Applications/ArmGNUToolchain/12.2.mpacbti-bet1/arm-none-eabi/bin/../lib/gcc/../../lib/gcc/arm-none-eabi/12.2.0/../../../../arm-none-eabi/include"]
  ignore line: [ignoring nonexistent directory "/Applications/ArmGNUToolchain/12.2.mpacbti-bet1/arm-none-eabi/bin/../arm-none-eabi/usr/include"]
  ignore line: [#include "..." search starts here:]
  ignore line: [#include <...> search starts here:]
  ignore line: [ /Applications/ArmGNUToolchain/12.2.mpacbti-bet1/arm-none-eabi/bin/../lib/gcc/arm-none-eabi/12.2.0/include]
  ignore line: [ /Applications/ArmGNUToolchain/12.2.mpacbti-bet1/arm-none-eabi/bin/../lib/gcc/arm-none-eabi/12.2.0/include-fixed]
  ignore line: [ /Applications/ArmGNUToolchain/12.2.mpacbti-bet1/arm-none-eabi/bin/../lib/gcc/arm-none-eabi/12.2.0/../../../../arm-none-eabi/include]
  ignore line: [End of search list.]
  ignore line: [GNU C17 (Arm GNU Toolchain 12.2.MPACBTI-Bet1 (Build arm-12-mpacbti.16)) version 12.2.0 (arm-none-eabi)]
  ignore line: [	compiled by GNU C version Apple LLVM 12.0.0 (clang-1200.0.32.29)  GMP version 6.2.1  MPFR version 3.1.6  MPC version 1.0.3  isl version isl-0.15-1-g835ea3a-GMP]
  ignore line: []
  ignore line: [GGC heuristics: --param ggc-min-expand=100 --param ggc-min-heapsize=131072]
  ignore line: [Compiler executable checksum: 64b3f98eb9eec7bc736aa55f43e531e4]
  ignore line: [COLLECT_GCC_OPTIONS='-fdiagnostics-color=always' '-v' '-o' 'CMakeFiles/cmTC_b062a.dir/CMakeCCompilerABI.c.obj' '-c' '-mcpu=arm7tdmi' '-mfloat-abi=soft' '-marm' '-mlibarch=armv4t' '-march=armv4t' '-dumpdir' 'CMakeFiles/cmTC_b062a.dir/']
  ignore line: [ /Applications/ArmGNUToolchain/12.2.mpacbti-bet1/arm-none-eabi/bin/../lib/gcc/arm-none-eabi/12.2.0/../../../../arm-none-eabi/bin/as -v -march=armv4t -mfloat-abi=soft -meabi=5 -o CMakeFiles/cmTC_b062a.dir/CMakeCCompilerABI.c.obj /var/folders/r4/ll7g0vbj4rn5zqmxxqy7ns280000gn/T//ccY4B6Im.s]
  ignore line: [GNU assembler version 2.39.50 (arm-none-eabi) using BFD version (Arm GNU Toolchain 12.2.MPACBTI-Bet1 (Build arm-12-mpacbti.16)) 2.39.50.20220821]
  ignore line: [COMPILER_PATH=/Applications/ArmGNUToolchain/12.2.mpacbti-bet1/arm-none-eabi/bin/../libexec/gcc/arm-none-eabi/12.2.0/:/Applications/ArmGNUToolchain/12.2.mpacbti-bet1/arm-none-eabi/bin/../libexec/gcc/:/Applications/ArmGNUToolchain/12.2.mpacbti-bet1/arm-none-eabi/bin/../lib/gcc/arm-none-eabi/12.2.0/../../../../arm-none-eabi/bin/]
  ignore line: [LIBRARY_PATH=/Applications/ArmGNUToolchain/12.2.mpacbti-bet1/arm-none-eabi/bin/../lib/gcc/arm-none-eabi/12.2.0/:/Applications/ArmGNUToolchain/12.2.mpacbti-bet1/arm-none-eabi/bin/../lib/gcc/:/Applications/ArmGNUToolchain/12.2.mpacbti-bet1/arm-none-eabi/bin/../lib/gcc/arm-none-eabi/12.2.0/../../../../arm-none-eabi/lib/:/Applications/ArmGNUToolchain/12.2.mpacbti-bet1/arm-none-eabi/bin/../arm-none-eabi/lib/]
  ignore line: [COLLECT_GCC_OPTIONS='-fdiagnostics-color=always' '-v' '-o' 'CMakeFiles/cmTC_b062a.dir/CMakeCCompilerABI.c.obj' '-c' '-mcpu=arm7tdmi' '-mfloat-abi=soft' '-marm' '-mlibarch=armv4t' '-march=armv4t' '-dumpdir' 'CMakeFiles/cmTC_b062a.dir/CMakeCCompilerABI.c.']
  ignore line: [Linking C static library libcmTC_b062a.a]
  ignore line: [/usr/local/Cellar/cmake/3.25.0/bin/cmake -P CMakeFiles/cmTC_b062a.dir/cmake_clean_target.cmake]
  ignore line: [/usr/local/Cellar/cmake/3.25.0/bin/cmake -E cmake_link_script CMakeFiles/cmTC_b062a.dir/link.txt --verbose=1]
  ignore line: [arm-none-eabi-ar qc libcmTC_b062a.a CMakeFiles/cmTC_b062a.dir/CMakeCCompilerABI.c.obj]
  ignore line: [/Applications/ArmGNUToolchain/12.2.mpacbti-bet1/arm-none-eabi/bin/arm-none-eabi-ranlib libcmTC_b062a.a]
  ignore line: [gmake[1]: Leaving directory '/Users/andrew/STM32CubeIDE/workspace_1.10.1/led_carousel/cmake-build-debug/CMakeFiles/CMakeScratch/TryCompile-xfFYCH']
  ignore line: []
  ignore line: []
  implicit libs: []
  implicit objs: []
  implicit dirs: []
  implicit fwks: []


Detecting CXX compiler ABI info compiled with the following output:
Change Dir: /Users/andrew/STM32CubeIDE/workspace_1.10.1/led_carousel/cmake-build-debug/CMakeFiles/CMakeScratch/TryCompile-Fmh2Yf

Run Build Command(s):/usr/local/bin/gmake -f Makefile cmTC_cd7e4/fast && /usr/local/bin/gmake  -f CMakeFiles/cmTC_cd7e4.dir/build.make CMakeFiles/cmTC_cd7e4.dir/build
gmake[1]: Entering directory '/Users/andrew/STM32CubeIDE/workspace_1.10.1/led_carousel/cmake-build-debug/CMakeFiles/CMakeScratch/TryCompile-Fmh2Yf'
Building CXX object CMakeFiles/cmTC_cd7e4.dir/CMakeCXXCompilerABI.cpp.obj
/Applications/ArmGNUToolchain/12.2.mpacbti-bet1/arm-none-eabi/bin/arm-none-eabi-g++   -fdiagnostics-color=always   -v -o CMakeFiles/cmTC_cd7e4.dir/CMakeCXXCompilerABI.cpp.obj -c /usr/local/Cellar/cmake/3.25.0/share/cmake/Modules/CMakeCXXCompilerABI.cpp
Using built-in specs.
COLLECT_GCC=/Applications/ArmGNUToolchain/12.2.mpacbti-bet1/arm-none-eabi/bin/arm-none-eabi-g++
Target: arm-none-eabi
Configured with: /Volumes/data/jenkins/workspace/GNU-toolchain/arm-12-mpacbti/src/gcc/configure --target=arm-none-eabi --prefix=/Volumes/data/jenkins/workspace/GNU-toolchain/arm-12-mpacbti/build-arm-none-eabi/install --with-gmp=/Volumes/data/jenkins/workspace/GNU-toolchain/arm-12-mpacbti/build-arm-none-eabi/host-tools --with-mpfr=/Volumes/data/jenkins/workspace/GNU-toolchain/arm-12-mpacbti/build-arm-none-eabi/host-tools --with-mpc=/Volumes/data/jenkins/workspace/GNU-toolchain/arm-12-mpacbti/build-arm-none-eabi/host-tools --with-isl=/Volumes/data/jenkins/workspace/GNU-toolchain/arm-12-mpacbti/build-arm-none-eabi/host-tools --disable-shared --disable-nls --disable-threads --disable-tls --enable-checking=release --enable-languages=c,c++,fortran --with-newlib --with-gnu-as --with-gnu-ld --with-sysroot=/Volumes/data/jenkins/workspace/GNU-toolchain/arm-12-mpacbti/build-arm-none-eabi/install/arm-none-eabi --with-multilib-list=aprofile,rmprofile --with-pkgversion='Arm GNU Toolchain 12.2.MPACBTI-Bet1 (Build arm-12-mpacbti.16)' --with-bugurl=https://bugs.linaro.org/
Thread model: single
Supported LTO compression algorithms: zlib
gcc version 12.2.0 (Arm GNU Toolchain 12.2.MPACBTI-Bet1 (Build arm-12-mpacbti.16)) 
COLLECT_GCC_OPTIONS='-fdiagnostics-color=always' '-v' '-o' 'CMakeFiles/cmTC_cd7e4.dir/CMakeCXXCompilerABI.cpp.obj' '-c' '-mcpu=arm7tdmi' '-mfloat-abi=soft' '-marm' '-mlibarch=armv4t' '-march=armv4t' '-dumpdir' 'CMakeFiles/cmTC_cd7e4.dir/'
 /Applications/ArmGNUToolchain/12.2.mpacbti-bet1/arm-none-eabi/bin/../libexec/gcc/arm-none-eabi/12.2.0/cc1plus -quiet -v -iprefix /Applications/ArmGNUToolchain/12.2.mpacbti-bet1/arm-none-eabi/bin/../lib/gcc/arm-none-eabi/12.2.0/ -isysroot /Applications/ArmGNUToolchain/12.2.mpacbti-bet1/arm-none-eabi/bin/../arm-none-eabi -D__USES_INITFINI__ /usr/local/Cellar/cmake/3.25.0/share/cmake/Modules/CMakeCXXCompilerABI.cpp -quiet -dumpdir CMakeFiles/cmTC_cd7e4.dir/ -dumpbase CMakeCXXCompilerABI.cpp.cpp -dumpbase-ext .cpp -mcpu=arm7tdmi -mfloat-abi=soft -marm -mlibarch=armv4t -march=armv4t -version -fdiagnostics-color=always -o /var/folders/r4/ll7g0vbj4rn5zqmxxqy7ns280000gn/T//ccyOKSxF.s
GNU C++17 (Arm GNU Toolchain 12.2.MPACBTI-Bet1 (Build arm-12-mpacbti.16)) version 12.2.0 (arm-none-eabi)
	compiled by GNU C version Apple LLVM 12.0.0 (clang-1200.0.32.29), GMP version 6.2.1, MPFR version 3.1.6, MPC version 1.0.3, isl version isl-0.15-1-g835ea3a-GMP

GGC heuristics: --param ggc-min-expand=100 --param ggc-min-heapsize=131072
ignoring duplicate directory "/Applications/ArmGNUToolchain/12.2.mpacbti-bet1/arm-none-eabi/bin/../lib/gcc/../../lib/gcc/arm-none-eabi/12.2.0/../../../../arm-none-eabi/include/c++/12.2.0"
ignoring duplicate directory "/Applications/ArmGNUToolchain/12.2.mpacbti-bet1/arm-none-eabi/bin/../lib/gcc/../../lib/gcc/arm-none-eabi/12.2.0/../../../../arm-none-eabi/include/c++/12.2.0/arm-none-eabi"
ignoring duplicate directory "/Applications/ArmGNUToolchain/12.2.mpacbti-bet1/arm-none-eabi/bin/../lib/gcc/../../lib/gcc/arm-none-eabi/12.2.0/../../../../arm-none-eabi/include/c++/12.2.0/backward"
ignoring duplicate directory "/Applications/ArmGNUToolchain/12.2.mpacbti-bet1/arm-none-eabi/bin/../lib/gcc/../../lib/gcc/arm-none-eabi/12.2.0/include"
ignoring nonexistent directory "/Applications/ArmGNUToolchain/12.2.mpacbti-bet1/arm-none-eabi/bin/../arm-none-eabi/usr/local/include"
ignoring duplicate directory "/Applications/ArmGNUToolchain/12.2.mpacbti-bet1/arm-none-eabi/bin/../lib/gcc/../../lib/gcc/arm-none-eabi/12.2.0/include-fixed"
ignoring duplicate directory "/Applications/ArmGNUToolchain/12.2.mpacbti-bet1/arm-none-eabi/bin/../lib/gcc/../../lib/gcc/arm-none-eabi/12.2.0/../../../../arm-none-eabi/include"
ignoring nonexistent directory "/Applications/ArmGNUToolchain/12.2.mpacbti-bet1/arm-none-eabi/bin/../arm-none-eabi/usr/include"
#include "..." search starts here:
#include <...> search starts here:
 /Applications/ArmGNUToolchain/12.2.mpacbti-bet1/arm-none-eabi/bin/../lib/gcc/arm-none-eabi/12.2.0/../../../../arm-none-eabi/include/c++/12.2.0
 /Applications/ArmGNUToolchain/12.2.mpacbti-bet1/arm-none-eabi/bin/../lib/gcc/arm-none-eabi/12.2.0/../../../../arm-none-eabi/include/c++/12.2.0/arm-none-eabi
 /Applications/ArmGNUToolchain/12.2.mpacbti-bet1/arm-none-eabi/bin/../lib/gcc/arm-none-eabi/12.2.0/../../../../arm-none-eabi/include/c++/12.2.0/backward
 /Applications/ArmGNUToolchain/12.2.mpacbti-bet1/arm-none-eabi/bin/../lib/gcc/arm-none-eabi/12.2.0/include
 /Applications/ArmGNUToolchain/12.2.mpacbti-bet1/arm-none-eabi/bin/../lib/gcc/arm-none-eabi/12.2.0/include-fixed
 /Applications/ArmGNUToolchain/12.2.mpacbti-bet1/arm-none-eabi/bin/../lib/gcc/arm-none-eabi/12.2.0/../../../../arm-none-eabi/include
End of search list.
GNU C++17 (Arm GNU Toolchain 12.2.MPACBTI-Bet1 (Build arm-12-mpacbti.16)) version 12.2.0 (arm-none-eabi)
	compiled by GNU C version Apple LLVM 12.0.0 (clang-1200.0.32.29), GMP version 6.2.1, MPFR version 3.1.6, MPC version 1.0.3, isl version isl-0.15-1-g835ea3a-GMP

GGC heuristics: --param ggc-min-expand=100 --param ggc-min-heapsize=131072
Compiler executable checksum: 3a22244daec4a8d5ca9f74459d67d7ae
COLLECT_GCC_OPTIONS='-fdiagnostics-color=always' '-v' '-o' 'CMakeFiles/cmTC_cd7e4.dir/CMakeCXXCompilerABI.cpp.obj' '-c' '-mcpu=arm7tdmi' '-mfloat-abi=soft' '-marm' '-mlibarch=armv4t' '-march=armv4t' '-dumpdir' 'CMakeFiles/cmTC_cd7e4.dir/'
 /Applications/ArmGNUToolchain/12.2.mpacbti-bet1/arm-none-eabi/bin/../lib/gcc/arm-none-eabi/12.2.0/../../../../arm-none-eabi/bin/as -v -march=armv4t -mfloat-abi=soft -meabi=5 -o CMakeFiles/cmTC_cd7e4.dir/CMakeCXXCompilerABI.cpp.obj /var/folders/r4/ll7g0vbj4rn5zqmxxqy7ns280000gn/T//ccyOKSxF.s
GNU assembler version 2.39.50 (arm-none-eabi) using BFD version (Arm GNU Toolchain 12.2.MPACBTI-Bet1 (Build arm-12-mpacbti.16)) 2.39.50.20220821
COMPILER_PATH=/Applications/ArmGNUToolchain/12.2.mpacbti-bet1/arm-none-eabi/bin/../libexec/gcc/arm-none-eabi/12.2.0/:/Applications/ArmGNUToolchain/12.2.mpacbti-bet1/arm-none-eabi/bin/../libexec/gcc/:/Applications/ArmGNUToolchain/12.2.mpacbti-bet1/arm-none-eabi/bin/../lib/gcc/arm-none-eabi/12.2.0/../../../../arm-none-eabi/bin/
LIBRARY_PATH=/Applications/ArmGNUToolchain/12.2.mpacbti-bet1/arm-none-eabi/bin/../lib/gcc/arm-none-eabi/12.2.0/:/Applications/ArmGNUToolchain/12.2.mpacbti-bet1/arm-none-eabi/bin/../lib/gcc/:/Applications/ArmGNUToolchain/12.2.mpacbti-bet1/arm-none-eabi/bin/../lib/gcc/arm-none-eabi/12.2.0/../../../../arm-none-eabi/lib/:/Applications/ArmGNUToolchain/12.2.mpacbti-bet1/arm-none-eabi/bin/../arm-none-eabi/lib/
COLLECT_GCC_OPTIONS='-fdiagnostics-color=always' '-v' '-o' 'CMakeFiles/cmTC_cd7e4.dir/CMakeCXXCompilerABI.cpp.obj' '-c' '-mcpu=arm7tdmi' '-mfloat-abi=soft' '-marm' '-mlibarch=armv4t' '-march=armv4t' '-dumpdir' 'CMakeFiles/cmTC_cd7e4.dir/CMakeCXXCompilerABI.cpp.'
Linking CXX static library libcmTC_cd7e4.a
/usr/local/Cellar/cmake/3.25.0/bin/cmake -P CMakeFiles/cmTC_cd7e4.dir/cmake_clean_target.cmake
/usr/local/Cellar/cmake/3.25.0/bin/cmake -E cmake_link_script CMakeFiles/cmTC_cd7e4.dir/link.txt --verbose=1
arm-none-eabi-ar qc libcmTC_cd7e4.a CMakeFiles/cmTC_cd7e4.dir/CMakeCXXCompilerABI.cpp.obj
/Applications/ArmGNUToolchain/12.2.mpacbti-bet1/arm-none-eabi/bin/arm-none-eabi-ranlib libcmTC_cd7e4.a
gmake[1]: Leaving directory '/Users/andrew/STM32CubeIDE/workspace_1.10.1/led_carousel/cmake-build-debug/CMakeFiles/CMakeScratch/TryCompile-Fmh2Yf'



Parsed CXX implicit include dir info from above output: rv=done
  found start of include info
  found start of implicit include info
    add: [/Applications/ArmGNUToolchain/12.2.mpacbti-bet1/arm-none-eabi/bin/../lib/gcc/arm-none-eabi/12.2.0/../../../../arm-none-eabi/include/c++/12.2.0]
    add: [/Applications/ArmGNUToolchain/12.2.mpacbti-bet1/arm-none-eabi/bin/../lib/gcc/arm-none-eabi/12.2.0/../../../../arm-none-eabi/include/c++/12.2.0/arm-none-eabi]
    add: [/Applications/ArmGNUToolchain/12.2.mpacbti-bet1/arm-none-eabi/bin/../lib/gcc/arm-none-eabi/12.2.0/../../../../arm-none-eabi/include/c++/12.2.0/backward]
    add: [/Applications/ArmGNUToolchain/12.2.mpacbti-bet1/arm-none-eabi/bin/../lib/gcc/arm-none-eabi/12.2.0/include]
    add: [/Applications/ArmGNUToolchain/12.2.mpacbti-bet1/arm-none-eabi/bin/../lib/gcc/arm-none-eabi/12.2.0/include-fixed]
    add: [/Applications/ArmGNUToolchain/12.2.mpacbti-bet1/arm-none-eabi/bin/../lib/gcc/arm-none-eabi/12.2.0/../../../../arm-none-eabi/include]
  end of search list found
  collapse include dir [/Applications/ArmGNUToolchain/12.2.mpacbti-bet1/arm-none-eabi/bin/../lib/gcc/arm-none-eabi/12.2.0/../../../../arm-none-eabi/include/c++/12.2.0] ==> [/Applications/ArmGNUToolchain/12.2.mpacbti-bet1/arm-none-eabi/arm-none-eabi/include/c++/12.2.0]
  collapse include dir [/Applications/ArmGNUToolchain/12.2.mpacbti-bet1/arm-none-eabi/bin/../lib/gcc/arm-none-eabi/12.2.0/../../../../arm-none-eabi/include/c++/12.2.0/arm-none-eabi] ==> [/Applications/ArmGNUToolchain/12.2.mpacbti-bet1/arm-none-eabi/arm-none-eabi/include/c++/12.2.0/arm-none-eabi]
  collapse include dir [/Applications/ArmGNUToolchain/12.2.mpacbti-bet1/arm-none-eabi/bin/../lib/gcc/arm-none-eabi/12.2.0/../../../../arm-none-eabi/include/c++/12.2.0/backward] ==> [/Applications/ArmGNUToolchain/12.2.mpacbti-bet1/arm-none-eabi/arm-none-eabi/include/c++/12.2.0/backward]
  collapse include dir [/Applications/ArmGNUToolchain/12.2.mpacbti-bet1/arm-none-eabi/bin/../lib/gcc/arm-none-eabi/12.2.0/include] ==> [/Applications/ArmGNUToolchain/12.2.mpacbti-bet1/arm-none-eabi/lib/gcc/arm-none-eabi/12.2.0/include]
  collapse include dir [/Applications/ArmGNUToolchain/12.2.mpacbti-bet1/arm-none-eabi/bin/../lib/gcc/arm-none-eabi/12.2.0/include-fixed] ==> [/Applications/ArmGNUToolchain/12.2.mpacbti-bet1/arm-none-eabi/lib/gcc/arm-none-eabi/12.2.0/include-fixed]
  collapse include dir [/Applications/ArmGNUToolchain/12.2.mpacbti-bet1/arm-none-eabi/bin/../lib/gcc/arm-none-eabi/12.2.0/../../../../arm-none-eabi/include] ==> [/Applications/ArmGNUToolchain/12.2.mpacbti-bet1/arm-none-eabi/arm-none-eabi/include]
  implicit include dirs: [/Applications/ArmGNUToolchain/12.2.mpacbti-bet1/arm-none-eabi/arm-none-eabi/include/c++/12.2.0;/Applications/ArmGNUToolchain/12.2.mpacbti-bet1/arm-none-eabi/arm-none-eabi/include/c++/12.2.0/arm-none-eabi;/Applications/ArmGNUToolchain/12.2.mpacbti-bet1/arm-none-eabi/arm-none-eabi/include/c++/12.2.0/backward;/Applications/ArmGNUToolchain/12.2.mpacbti-bet1/arm-none-eabi/lib/gcc/arm-none-eabi/12.2.0/include;/Applications/ArmGNUToolchain/12.2.mpacbti-bet1/arm-none-eabi/lib/gcc/arm-none-eabi/12.2.0/include-fixed;/Applications/ArmGNUToolchain/12.2.mpacbti-bet1/arm-none-eabi/arm-none-eabi/include]


Parsed CXX implicit link information from above output:
  link line regex: [^( *|.*[/\])(arm-none-eabi-ld|CMAKE_LINK_STARTFILE-NOTFOUND|([^/\]+-)?ld|collect2)[^/\]*( |$)]
  ignore line: [Change Dir: /Users/andrew/STM32CubeIDE/workspace_1.10.1/led_carousel/cmake-build-debug/CMakeFiles/CMakeScratch/TryCompile-Fmh2Yf]
  ignore line: []
  ignore line: [Run Build Command(s):/usr/local/bin/gmake -f Makefile cmTC_cd7e4/fast && /usr/local/bin/gmake  -f CMakeFiles/cmTC_cd7e4.dir/build.make CMakeFiles/cmTC_cd7e4.dir/build]
  ignore line: [gmake[1]: Entering directory '/Users/andrew/STM32CubeIDE/workspace_1.10.1/led_carousel/cmake-build-debug/CMakeFiles/CMakeScratch/TryCompile-Fmh2Yf']
  ignore line: [Building CXX object CMakeFiles/cmTC_cd7e4.dir/CMakeCXXCompilerABI.cpp.obj]
  ignore line: [/Applications/ArmGNUToolchain/12.2.mpacbti-bet1/arm-none-eabi/bin/arm-none-eabi-g++   -fdiagnostics-color=always   -v -o CMakeFiles/cmTC_cd7e4.dir/CMakeCXXCompilerABI.cpp.obj -c /usr/local/Cellar/cmake/3.25.0/share/cmake/Modules/CMakeCXXCompilerABI.cpp]
  ignore line: [Using built-in specs.]
  ignore line: [COLLECT_GCC=/Applications/ArmGNUToolchain/12.2.mpacbti-bet1/arm-none-eabi/bin/arm-none-eabi-g++]
  ignore line: [Target: arm-none-eabi]
  ignore line: [Configured with: /Volumes/data/jenkins/workspace/GNU-toolchain/arm-12-mpacbti/src/gcc/configure --target=arm-none-eabi --prefix=/Volumes/data/jenkins/workspace/GNU-toolchain/arm-12-mpacbti/build-arm-none-eabi/install --with-gmp=/Volumes/data/jenkins/workspace/GNU-toolchain/arm-12-mpacbti/build-arm-none-eabi/host-tools --with-mpfr=/Volumes/data/jenkins/workspace/GNU-toolchain/arm-12-mpacbti/build-arm-none-eabi/host-tools --with-mpc=/Volumes/data/jenkins/workspace/GNU-toolchain/arm-12-mpacbti/build-arm-none-eabi/host-tools --with-isl=/Volumes/data/jenkins/workspace/GNU-toolchain/arm-12-mpacbti/build-arm-none-eabi/host-tools --disable-shared --disable-nls --disable-threads --disable-tls --enable-checking=release --enable-languages=c,c++,fortran --with-newlib --with-gnu-as --with-gnu-ld --with-sysroot=/Volumes/data/jenkins/workspace/GNU-toolchain/arm-12-mpacbti/build-arm-none-eabi/install/arm-none-eabi --with-multilib-list=aprofile,rmprofile --with-pkgversion='Arm GNU Toolchain 12.2.MPACBTI-Bet1 (Build arm-12-mpacbti.16)' --with-bugurl=https://bugs.linaro.org/]
  ignore line: [Thread model: single]
  ignore line: [Supported LTO compression algorithms: zlib]
  ignore line: [gcc version 12.2.0 (Arm GNU Toolchain 12.2.MPACBTI-Bet1 (Build arm-12-mpacbti.16)) ]
  ignore line: [COLLECT_GCC_OPTIONS='-fdiagnostics-color=always' '-v' '-o' 'CMakeFiles/cmTC_cd7e4.dir/CMakeCXXCompilerABI.cpp.obj' '-c' '-mcpu=arm7tdmi' '-mfloat-abi=soft' '-marm' '-mlibarch=armv4t' '-march=armv4t' '-dumpdir' 'CMakeFiles/cmTC_cd7e4.dir/']
  ignore line: [ /Applications/ArmGNUToolchain/12.2.mpacbti-bet1/arm-none-eabi/bin/../libexec/gcc/arm-none-eabi/12.2.0/cc1plus -quiet -v -iprefix /Applications/ArmGNUToolchain/12.2.mpacbti-bet1/arm-none-eabi/bin/../lib/gcc/arm-none-eabi/12.2.0/ -isysroot /Applications/ArmGNUToolchain/12.2.mpacbti-bet1/arm-none-eabi/bin/../arm-none-eabi -D__USES_INITFINI__ /usr/local/Cellar/cmake/3.25.0/share/cmake/Modules/CMakeCXXCompilerABI.cpp -quiet -dumpdir CMakeFiles/cmTC_cd7e4.dir/ -dumpbase CMakeCXXCompilerABI.cpp.cpp -dumpbase-ext .cpp -mcpu=arm7tdmi -mfloat-abi=soft -marm -mlibarch=armv4t -march=armv4t -version -fdiagnostics-color=always -o /var/folders/r4/ll7g0vbj4rn5zqmxxqy7ns280000gn/T//ccyOKSxF.s]
  ignore line: [GNU C++17 (Arm GNU Toolchain 12.2.MPACBTI-Bet1 (Build arm-12-mpacbti.16)) version 12.2.0 (arm-none-eabi)]
  ignore line: [	compiled by GNU C version Apple LLVM 12.0.0 (clang-1200.0.32.29)  GMP version 6.2.1  MPFR version 3.1.6  MPC version 1.0.3  isl version isl-0.15-1-g835ea3a-GMP]
  ignore line: []
  ignore line: [GGC heuristics: --param ggc-min-expand=100 --param ggc-min-heapsize=131072]
  ignore line: [ignoring duplicate directory "/Applications/ArmGNUToolchain/12.2.mpacbti-bet1/arm-none-eabi/bin/../lib/gcc/../../lib/gcc/arm-none-eabi/12.2.0/../../../../arm-none-eabi/include/c++/12.2.0"]
  ignore line: [ignoring duplicate directory "/Applications/ArmGNUToolchain/12.2.mpacbti-bet1/arm-none-eabi/bin/../lib/gcc/../../lib/gcc/arm-none-eabi/12.2.0/../../../../arm-none-eabi/include/c++/12.2.0/arm-none-eabi"]
  ignore line: [ignoring duplicate directory "/Applications/ArmGNUToolchain/12.2.mpacbti-bet1/arm-none-eabi/bin/../lib/gcc/../../lib/gcc/arm-none-eabi/12.2.0/../../../../arm-none-eabi/include/c++/12.2.0/backward"]
  ignore line: [ignoring duplicate directory "/Applications/ArmGNUToolchain/12.2.mpacbti-bet1/arm-none-eabi/bin/../lib/gcc/../../lib/gcc/arm-none-eabi/12.2.0/include"]
  ignore line: [ignoring nonexistent directory "/Applications/ArmGNUToolchain/12.2.mpacbti-bet1/arm-none-eabi/bin/../arm-none-eabi/usr/local/include"]
  ignore line: [ignoring duplicate directory "/Applications/ArmGNUToolchain/12.2.mpacbti-bet1/arm-none-eabi/bin/../lib/gcc/../../lib/gcc/arm-none-eabi/12.2.0/include-fixed"]
  ignore line: [ignoring duplicate directory "/Applications/ArmGNUToolchain/12.2.mpacbti-bet1/arm-none-eabi/bin/../lib/gcc/../../lib/gcc/arm-none-eabi/12.2.0/../../../../arm-none-eabi/include"]
  ignore line: [ignoring nonexistent directory "/Applications/ArmGNUToolchain/12.2.mpacbti-bet1/arm-none-eabi/bin/../arm-none-eabi/usr/include"]
  ignore line: [#include "..." search starts here:]
  ignore line: [#include <...> search starts here:]
  ignore line: [ /Applications/ArmGNUToolchain/12.2.mpacbti-bet1/arm-none-eabi/bin/../lib/gcc/arm-none-eabi/12.2.0/../../../../arm-none-eabi/include/c++/12.2.0]
  ignore line: [ /Applications/ArmGNUToolchain/12.2.mpacbti-bet1/arm-none-eabi/bin/../lib/gcc/arm-none-eabi/12.2.0/../../../../arm-none-eabi/include/c++/12.2.0/arm-none-eabi]
  ignore line: [ /Applications/ArmGNUToolchain/12.2.mpacbti-bet1/arm-none-eabi/bin/../lib/gcc/arm-none-eabi/12.2.0/../../../../arm-none-eabi/include/c++/12.2.0/backward]
  ignore line: [ /Applications/ArmGNUToolchain/12.2.mpacbti-bet1/arm-none-eabi/bin/../lib/gcc/arm-none-eabi/12.2.0/include]
  ignore line: [ /Applications/ArmGNUToolchain/12.2.mpacbti-bet1/arm-none-eabi/bin/../lib/gcc/arm-none-eabi/12.2.0/include-fixed]
  ignore line: [ /Applications/ArmGNUToolchain/12.2.mpacbti-bet1/arm-none-eabi/bin/../lib/gcc/arm-none-eabi/12.2.0/../../../../arm-none-eabi/include]
  ignore line: [End of search list.]
  ignore line: [GNU C++17 (Arm GNU Toolchain 12.2.MPACBTI-Bet1 (Build arm-12-mpacbti.16)) version 12.2.0 (arm-none-eabi)]
  ignore line: [	compiled by GNU C version Apple LLVM 12.0.0 (clang-1200.0.32.29)  GMP version 6.2.1  MPFR version 3.1.6  MPC version 1.0.3  isl version isl-0.15-1-g835ea3a-GMP]
  ignore line: []
  ignore line: [GGC heuristics: --param ggc-min-expand=100 --param ggc-min-heapsize=131072]
  ignore line: [Compiler executable checksum: 3a22244daec4a8d5ca9f74459d67d7ae]
  ignore line: [COLLECT_GCC_OPTIONS='-fdiagnostics-color=always' '-v' '-o' 'CMakeFiles/cmTC_cd7e4.dir/CMakeCXXCompilerABI.cpp.obj' '-c' '-mcpu=arm7tdmi' '-mfloat-abi=soft' '-marm' '-mlibarch=armv4t' '-march=armv4t' '-dumpdir' 'CMakeFiles/cmTC_cd7e4.dir/']
  ignore line: [ /Applications/ArmGNUToolchain/12.2.mpacbti-bet1/arm-none-eabi/bin/../lib/gcc/arm-none-eabi/12.2.0/../../../../arm-none-eabi/bin/as -v -march=armv4t -mfloat-abi=soft -meabi=5 -o CMakeFiles/cmTC_cd7e4.dir/CMakeCXXCompilerABI.cpp.obj /var/folders/r4/ll7g0vbj4rn5zqmxxqy7ns280000gn/T//ccyOKSxF.s]
  ignore line: [GNU assembler version 2.39.50 (arm-none-eabi) using BFD version (Arm GNU Toolchain 12.2.MPACBTI-Bet1 (Build arm-12-mpacbti.16)) 2.39.50.20220821]
  ignore line: [COMPILER_PATH=/Applications/ArmGNUToolchain/12.2.mpacbti-bet1/arm-none-eabi/bin/../libexec/gcc/arm-none-eabi/12.2.0/:/Applications/ArmGNUToolchain/12.2.mpacbti-bet1/arm-none-eabi/bin/../libexec/gcc/:/Applications/ArmGNUToolchain/12.2.mpacbti-bet1/arm-none-eabi/bin/../lib/gcc/arm-none-eabi/12.2.0/../../../../arm-none-eabi/bin/]
  ignore line: [LIBRARY_PATH=/Applications/ArmGNUToolchain/12.2.mpacbti-bet1/arm-none-eabi/bin/../lib/gcc/arm-none-eabi/12.2.0/:/Applications/ArmGNUToolchain/12.2.mpacbti-bet1/arm-none-eabi/bin/../lib/gcc/:/Applications/ArmGNUToolchain/12.2.mpacbti-bet1/arm-none-eabi/bin/../lib/gcc/arm-none-eabi/12.2.0/../../../../arm-none-eabi/lib/:/Applications/ArmGNUToolchain/12.2.mpacbti-bet1/arm-none-eabi/bin/../arm-none-eabi/lib/]
  ignore line: [COLLECT_GCC_OPTIONS='-fdiagnostics-color=always' '-v' '-o' 'CMakeFiles/cmTC_cd7e4.dir/CMakeCXXCompilerABI.cpp.obj' '-c' '-mcpu=arm7tdmi' '-mfloat-abi=soft' '-marm' '-mlibarch=armv4t' '-march=armv4t' '-dumpdir' 'CMakeFiles/cmTC_cd7e4.dir/CMakeCXXCompilerABI.cpp.']
  ignore line: [Linking CXX static library libcmTC_cd7e4.a]
  ignore line: [/usr/local/Cellar/cmake/3.25.0/bin/cmake -P CMakeFiles/cmTC_cd7e4.dir/cmake_clean_target.cmake]
  ignore line: [/usr/local/Cellar/cmake/3.25.0/bin/cmake -E cmake_link_script CMakeFiles/cmTC_cd7e4.dir/link.txt --verbose=1]
  ignore line: [arm-none-eabi-ar qc libcmTC_cd7e4.a CMakeFiles/cmTC_cd7e4.dir/CMakeCXXCompilerABI.cpp.obj]
  ignore line: [/Applications/ArmGNUToolchain/12.2.mpacbti-bet1/arm-none-eabi/bin/arm-none-eabi-ranlib libcmTC_cd7e4.a]
  ignore line: [gmake[1]: Leaving directory '/Users/andrew/STM32CubeIDE/workspace_1.10.1/led_carousel/cmake-build-debug/CMakeFiles/CMakeScratch/TryCompile-Fmh2Yf']
  ignore line: []
  ignore line: []
  implicit libs: []
  implicit objs: []
  implicit dirs: []
  implicit fwks: []


